0098
01A7
02A2
03A8
04A9
059F
0691
07DE
08E0
09EB
0AF1
0BFB
0CFB
0E3A
0F2D
1048
1140
1236
137D
1466
1574
1677
1786
1884
19DA
1ACF
1BD9
1CD3
1DEE
1EF4
2027
2120
222F
2333
2443
2534
268E
278A
2892
2988
2A86
2B88
2C79
2D6B
2E67
2F5C
30B1
31AF
3295
3389
347E
35E1
36E0
37FC
38F4
3A02
3AFA
3C69
3D5F
3E70
3F70
4080
4182
42B2
43A8
44CB
45CC
46CF
47B2
48FE
49E5
4AFE
4C0A
4D05
4E5B
4F63
507B
51A1
528C
53A9
54AC
55A0
56A8
57F6
58ED
59ED
5AE2
5BF6
5CE6
5E20
5F15
6038
613C
6249
6332
6487
6573
6697
6795
68A6
699C
6AE3
6BCD
6CE8
6DDE
6EED
6FE0
7113
720D
732C
743F
7534
767E
776B
7883
79A2
7A9C
7BA4
7C8F
7D8C
7E88
7FD2
80E4
81F3
82FF
8405
855A
8646
875F
8855
8956
8AAE
8B9D
8CBF
8DC6
8EBB
8FEF
90EA
9201
92F2
93E4
951C
961E
9739
983C
9948
9A39
9B6D
9C51
9D51
9E60
9F5E
A064
A153
A256
A350
A46F
A56F
A658
A738
A836
A937
AA62
AB4E
AC52
AD52
AE44
AF67
B064
B16E
B26B
B380
B477
B58A
B68D
B79C
B898
B98C
BA9E
BB8B
BC92
BD9D
BE93
BFB1
C09E
C1B2
C2B0
C3A6
C4B4
C5B9
C6A5
C7BC
C8AC
CA16
CB00
CBF7
CCF4
CDF5
CEDE
D01E
D11B
D236
D329
D42A
D52B
D681
D788
D89D
D995
DA95
DBDC
DCC8
DDDC
DEE4
DFD0
E122
E223
E339
E442
E542
E6A0
E790
E89D
E9BE
EABB
EBC4
ECB0
EDA4
EEA3
EFA9
F0AD
F1A2
F2A0
F3AB
F4A3
F5B6
F6B3
F7C9
F8C2
F9D4
FACF
FBF8
FCF4
FE02
FF04
000A
0100
0205
02EF
0411
0506
05F3
06FB
0801
092F
0A2E
0B48
0C3B
0D4D
0E49
0F59
1064
1159
127E
1382
149A
15A9
169F
17B6
18A7
1995
1A92
1B9A
1CB0
1DA1
1E9E
1F8A
2075
21A0
2295
239C
248B
2594
268C
2793
2890
299B
2A9D
2B84
2C8D
2D83
2EA6
2FA7
3092
31BB
32BD
33D0
34BB
35BD
36B9
37D3
38D0
39DE
3AC7
3BBA
3D13
3E0A
3EFF
3FF6
40FD
41F6
4351
443D
454E
4641
4754
484E
4998
4A98
4BA8
4CA9
4DA9
4E8D
4FD3
50D2
51E4
52FE
53F1
554F
5656
5767
5861
595E
5A5B
5BAC
5C93
5DA6
5E99
5F8D
60DB
61DC
62F5
63F8
6511
6613
6730
681C
693F
6A56
6B4A
6C50
6D4B
6E55
6F5C
705A
7181
7285
73A6
74AA
75C7
76C7
77DE
78DF
79E1
